2024-03-16 16:27:18,695 - ImageReader - WARNING - Image Datasets\IAM_Words\words\r06\r06-022\r06-022-03-05.png could not be read, returning None.
2024-03-16 16:27:18,696 - DataProvider - WARNING - Data or annotation is None, marking for removal on epoch end.
2024-03-16 16:27:18,696 - DataProvider - WARNING - Data or annotation is None, skipping.
2024-03-16 16:34:03,983 - ImageReader - WARNING - Image Datasets\IAM_Words\words\a01\a01-117\a01-117-05-02.png could not be read, returning None.
2024-03-16 16:34:03,983 - DataProvider - WARNING - Data or annotation is None, marking for removal on epoch end.
2024-03-16 16:34:03,983 - DataProvider - WARNING - Data or annotation is None, skipping.
2024-03-16 16:47:04,471 - DataProvider - WARNING - Removing ['Datasets\\IAM_Words\\words\\r06\\r06-022\\r06-022-03-05.png', 'more'] from dataset.
2024-03-16 16:47:04,487 - DataProvider - WARNING - Removing ['Datasets\\IAM_Words\\words\\a01\\a01-117\\a01-117-05-02.png', 'Powell'] from dataset.
2024-03-16 16:47:48,362 - root - INFO - Epoch 0; loss: 13.68559741973877; CER: 0.8579453825950623; WER: 0.9260782599449158; val_loss: 11.088924407958984; val_CER: 0.6598299741744995; val_WER: 0.8398299813270569
2024-03-16 16:47:49,568 - tf2onnx.tfonnx - INFO - Using tensorflow=2.13.0, onnx=1.15.0, tf2onnx=1.16.1/15c810
2024-03-16 16:47:49,568 - tf2onnx.tfonnx - INFO - Using opset <onnx, 15>
2024-03-16 16:47:49,631 - tf2onnx.tf_utils - INFO - Computed 0 values for constant folding
2024-03-16 16:47:49,631 - tf2onnx.tf_utils - INFO - Computed 0 values for constant folding
2024-03-16 16:47:49,646 - tf2onnx.tf_utils - INFO - Computed 0 values for constant folding
2024-03-16 16:47:49,646 - tf2onnx.tf_utils - INFO - Computed 0 values for constant folding
2024-03-16 16:47:49,684 - tf2onnx.tf_utils - INFO - Computed 2 values for constant folding
2024-03-16 16:47:49,742 - tf2onnx.tfonnx - INFO - folding node using tf type=StridedSlice, name=model/bidirectional/forward_lstm/PartitionedCall/strided_slice
2024-03-16 16:47:49,743 - tf2onnx.tfonnx - INFO - folding node using tf type=StridedSlice, name=model/bidirectional/backward_lstm/PartitionedCall/strided_slice
2024-03-16 16:47:49,862 - tf2onnx.optimizer - INFO - Optimizing ONNX model
2024-03-16 16:47:50,443 - tf2onnx.optimizer - INFO - After optimization: BatchNormalization -18 (18->0), Cast -4 (11->7), Concat -4 (10->6), Const -129 (192->63), Expand -3 (4->1), Gather +2 (2->4), Identity -2 (2->0), Shape -1 (4->3), Slice -1 (5->4), Squeeze -3 (5->2), Transpose -81 (85->4), Unsqueeze -14 (17->3)
